sqlserver status changed to OK - 2019-04-11_15-55-32
sqlserver status changed to Fail - 2019-04-11_15-56-57
sqlserver status changed to OK - 2019-04-11_15-57-16
sqlserver status changed to Fail - 2019-04-11_15-57-36
sqlserver status changed to OK - 2019-04-11_15-57-42
sqlserver status changed to Fail - 2019-04-11_16-00-46
sqlserver status changed to OK - 2019-04-11_16-00-59
sqlserver status changed to Fail - 2019-04-11_16-01-15
sqlserver status changed to OK - 2019-04-11_16-01-17
sqlserver status changed to Fail - 2019-04-11_16-02-26
sqlserver status changed to OK - 2019-04-11_16-02-29
sqlserver status changed to Fail - 2019-04-11_16-03-17
sqlserver status changed to OK - 2019-04-11_16-03-23
sqlserver status changed to Fail - 2019-04-11_16-04-28
sqlserver status changed to OK - 2019-04-11_16-04-37
sqlserver status changed to Fail - 2019-04-11_16-05-11
sqlserver status changed to OK - 2019-04-11_16-05-19
sqlserver status changed to Fail - google1.com - 2019-04-11_16-07-04
sqlserver status changed to OK  - google.com - 2019-04-11_16-07-08
sqlserver status changed to Fail - docloud.kr - 2019-04-11_16-07-30
sqlserver status changed to OK  - google.com - 2019-04-11_16-07-37
